0 info it worked if it ends with ok
1 verbose cli [ 'C:\\Program Files\\nodejs\\\\node.exe',
1 verbose cli   'C:\\Program Files\\nodejs\\node_modules\\npm\\bin\\npm-cli.js',
1 verbose cli   'install',
1 verbose cli   'fabrique',
1 verbose cli   '--registry',
1 verbose cli   'https://npm.fury.io/PkoazynuuXzJqoCJ5RyT/drdrej/' ]
2 info using npm@1.3.11
3 info using node@v0.10.20
4 verbose node symlink C:\Program Files\nodejs\\node.exe
5 verbose readDependencies using package.json deps
6 verbose cache add [ 'fabrique', null ]
7 verbose cache add name=undefined spec="fabrique" args=["fabrique",null]
8 verbose parsed url { protocol: null,
8 verbose parsed url   slashes: null,
8 verbose parsed url   auth: null,
8 verbose parsed url   host: null,
8 verbose parsed url   port: null,
8 verbose parsed url   hostname: null,
8 verbose parsed url   hash: null,
8 verbose parsed url   search: null,
8 verbose parsed url   query: null,
8 verbose parsed url   pathname: 'fabrique',
8 verbose parsed url   path: 'fabrique',
8 verbose parsed url   href: 'fabrique' }
9 silly lockFile 146bf6c6-fabrique fabrique
10 verbose lock fabrique C:\Users\asiebert\AppData\Roaming\npm-cache\146bf6c6-fabrique.lock
11 silly lockFile 146bf6c6-fabrique fabrique
12 silly lockFile 146bf6c6-fabrique fabrique
13 verbose addNamed [ 'fabrique', '' ]
14 verbose addNamed [ null, '*' ]
15 silly lockFile 2ad2eaac-fabrique fabrique@
16 verbose lock fabrique@ C:\Users\asiebert\AppData\Roaming\npm-cache\2ad2eaac-fabrique.lock
17 silly addNameRange { name: 'fabrique', range: '*', hasData: false }
18 verbose url raw fabrique
19 verbose url resolving [ 'https://npm.fury.io/PkoazynuuXzJqoCJ5RyT/drdrej/',
19 verbose url resolving   './fabrique' ]
20 verbose url resolved https://npm.fury.io/PkoazynuuXzJqoCJ5RyT/drdrej/fabrique
21 info trying registry request attempt 1 at 13:19:07
22 http GET https://npm.fury.io/PkoazynuuXzJqoCJ5RyT/drdrej/fabrique
23 info retry will retry, error on last attempt: Error: CERT_UNTRUSTED
24 info trying registry request attempt 2 at 13:19:18
25 http GET https://npm.fury.io/PkoazynuuXzJqoCJ5RyT/drdrej/fabrique
26 info retry will retry, error on last attempt: Error: CERT_UNTRUSTED
27 info trying registry request attempt 3 at 13:20:18
28 http GET https://npm.fury.io/PkoazynuuXzJqoCJ5RyT/drdrej/fabrique
29 silly lockFile 2ad2eaac-fabrique fabrique@
30 silly lockFile 2ad2eaac-fabrique fabrique@
31 error Error: CERT_UNTRUSTED
31 error     at SecurePair.<anonymous> (tls.js:1356:32)
31 error     at SecurePair.EventEmitter.emit (events.js:92:17)
31 error     at SecurePair.maybeInitFinished (tls.js:968:10)
31 error     at CleartextStream.read [as _read] (tls.js:462:15)
31 error     at CleartextStream.Readable.read (_stream_readable.js:320:10)
31 error     at EncryptedStream.write [as _write] (tls.js:366:25)
31 error     at doWrite (_stream_writable.js:221:10)
31 error     at writeOrBuffer (_stream_writable.js:211:5)
31 error     at EncryptedStream.Writable.write (_stream_writable.js:180:11)
31 error     at write (_stream_readable.js:583:24)
32 error If you need help, you may report this log at:
32 error     <http://github.com/isaacs/npm/issues>
32 error or email it to:
32 error     <npm-@googlegroups.com>
33 error System Windows_NT 6.1.7601
34 error command "C:\\Program Files\\nodejs\\\\node.exe" "C:\\Program Files\\nodejs\\node_modules\\npm\\bin\\npm-cli.js" "install" "fabrique" "--registry" "https://npm.fury.io/PkoazynuuXzJqoCJ5RyT/drdrej/"
35 error cwd c:\home\projects\fabriquejs-core\sources\fabrique-js
36 error node -v v0.10.20
37 error npm -v 1.3.11
38 verbose exit [ 1, true ]
